- добавлена возможность запуска программы из сторонней директории
- изменена логика запуска программы
- добавлен перебор молекул ДНК в pdb-файле
- добавлена поддержка find_pair
- добавлена проверка существования find_pair
- добавлена обработка warnings
- реализовать возможность использования internal алгоритма
- исправлено формирование соответствия последовательностей ДНК
  (случаи когда в цепях днк используются одинаковые номера нуклеотидов)
- добавлен учёт направления цепи (грубо)
- исправлено нахождение нуклеотида с максимальной мерой
  (влияет на формирование соответствие ДНК)
- для правильного формирования имени output-файлов имена pdb-файлов могут быть любыми
- доработана интеграция с 3dna (исправлен случай с broken linkage)
- доработан запуск из сторонних директорий (rstrip заменён на replace)
- реализована корректная работа с невыравниваемыми файлами (S_max = 0)
- исправлено: читаются цепи белки с номером больше 4 
- исправлено исправление для broken linkage (резервируется место под 0-ой элемент)
- добавлена обработка существования файла/директории с именем 'out'
- исправлена ошибка, когда из матрицы мер нельзя получить комплементарный нуклеотид, т.к. он без фосфата
